c:\users\jenya\documents\github\visualtool\bin-int\visualtool\debug-x64\vc142.pdb
c:\users\jenya\documents\github\visualtool\bin-int\visualtool\debug-x64\vc142.idb
c:\users\jenya\documents\github\visualtool\bin-int\visualtool\debug-x64\application.obj
c:\users\jenya\documents\github\visualtool\bin-int\visualtool\debug-x64\visualtool.pch
c:\users\jenya\documents\github\visualtool\bin-int\visualtool\debug-x64\stdpch.obj
c:\users\jenya\documents\github\visualtool\bin-int\visualtool\debug-x64\visualtool.pdb
c:\users\jenya\documents\github\visualtool\bin-int\visualtool\debug-x64\visualtool.idb
c:\users\jenya\documents\github\visualtool\bin-int\visualtool\debug-x64\event.obj
c:\users\jenya\documents\github\visualtool\bin-int\visualtool\debug-x64\functionhandler.obj
c:\users\jenya\documents\github\visualtool\bin-int\visualtool\debug-x64\methodhandler.obj
c:\users\jenya\documents\github\visualtool\bin\visualtool\debug-x64\visualtool.lib
c:\users\jenya\documents\github\visualtool\bin\visualtool\debug-x64\visualtool.dll
c:\users\jenya\documents\github\visualtool\bin\visualtool\debug-x64\visualtool.ilk
c:\users\jenya\documents\github\visualtool\bin\visualtool\debug-x64\visualtool.pdb
c:\users\jenya\documents\github\visualtool\bin\visualtool\debug-x64\visualtool.exp
c:\users\jenya\documents\github\visualtool\\bin\visualtool\debug-x64\visualtool.pdb
c:\users\jenya\documents\github\visualtool\\bin\visualtool\debug-x64\visualtool.lib
c:\users\jenya\documents\github\visualtool\\bin\visualtool\debug-x64\visualtool.ilk
c:\users\jenya\documents\github\visualtool\bin-int\visualtool\debug-x64\visualtool.tlog\cl.command.1.tlog
c:\users\jenya\documents\github\visualtool\bin-int\visualtool\debug-x64\visualtool.tlog\cl.read.1.tlog
c:\users\jenya\documents\github\visualtool\bin-int\visualtool\debug-x64\visualtool.tlog\cl.write.1.tlog
c:\users\jenya\documents\github\visualtool\bin-int\visualtool\debug-x64\visualtool.tlog\lib-link.read.1.tlog
c:\users\jenya\documents\github\visualtool\bin-int\visualtool\debug-x64\visualtool.tlog\lib-link.write.1.tlog
c:\users\jenya\documents\github\visualtool\bin-int\visualtool\debug-x64\visualtool.tlog\lib.command.1.tlog
c:\users\jenya\documents\github\visualtool\bin-int\visualtool\debug-x64\visualtool.tlog\link.command.1.tlog
c:\users\jenya\documents\github\visualtool\bin-int\visualtool\debug-x64\visualtool.tlog\link.delete.1.tlog
c:\users\jenya\documents\github\visualtool\bin-int\visualtool\debug-x64\visualtool.tlog\link.read.1.tlog
c:\users\jenya\documents\github\visualtool\bin-int\visualtool\debug-x64\visualtool.tlog\link.write.1.tlog
c:\users\jenya\documents\github\visualtool\bin-int\visualtool\debug-x64\visualtool.tlog\visualtool.write.1u.tlog
